[19:36:05] IM: Event Recieved - UNKNOWN

[19:36:05] IM: Event Recieved - UNKNOWN

[19:36:05] IM: Event Recieved - UNKNOWN

[19:36:05] IM: Event Recieved - UNKNOWN

[19:36:05] IM: Event Recieved - UNKNOWN

[19:36:05] IM: Event Recieved - UNKNOWN

[19:36:05] IM: Event Recieved - UNKNOWN

[19:36:05] IM: Event Recieved - UNKNOWN

[19:36:05] IM: Event Recieved - UNKNOWN

[19:36:05] IM: Event Recieved - UNKNOWN

[19:36:05] IM: Event Recieved - UNKNOWN

[19:36:05] IM: Event Recieved - UNKNOWN

[19:36:05] IM: Event Recieved - UNKNOWN

[19:36:05] IM: Event Recieved - UNKNOWN

[19:36:05] IM: Event Recieved - UNKNOWN

[19:36:05] IM: Event Recieved - UNKNOWN

[19:36:05] IM: Event Recieved - UNKNOWN

[19:36:05] IM: Event Recieved - UNKNOWN

[19:36:05] IM: Event Recieved - UNKNOWN

[19:36:05] IM: Event Recieved - UNKNOWN

[19:36:05] IM: Event Recieved - UNKNOWN

[19:36:05] IM: Event Recieved - UNKNOWN

[19:36:05] IM: Event Recieved - UNKNOWN

[19:36:05] IM: Event Recieved - UNKNOWN

[19:36:05] IM: Event Recieved - UNKNOWN

[19:36:05] IM: Event Recieved - UNKNOWN

[19:36:05] IM: Event Recieved - UNKNOWN

[19:36:05] IM: Event Recieved - UNKNOWN

[19:36:05] IM: Event Recieved - MouseMoved

[19:36:05] IM: Event Recieved - UNKNOWN

[19:36:05] IM: Event Recieved - MouseMoved

[19:36:05] IM: Event Recieved - UNKNOWN

[19:36:05] IM: Event Recieved - MouseMoved

[19:36:05] IM: Event Recieved - UNKNOWN

[19:36:05] IM: Event Recieved - UNKNOWN

[19:36:05] IM: Event Recieved - UNKNOWN

[19:36:05] IM: Event Recieved - UNKNOWN

[19:36:05] IM: Event Recieved - MouseMoved

[19:36:05] IM: Event Recieved - UNKNOWN

[19:36:05] IM: Event Recieved - MouseMoved

[19:36:05] IM: Event Recieved - UNKNOWN

[19:36:05] IM: Event Recieved - UNKNOWN

[19:36:05] IM: Event Recieved - MouseMoved

[19:36:05] IM: Event Recieved - UNKNOWN

[19:36:05] IM: Event Recieved - UNKNOWN

[19:36:05] IM: Event Recieved - UNKNOWN

[19:36:05] IM: Event Recieved - UNKNOWN

[19:36:05] IM: Event Recieved - MouseMoved

[19:36:05] IM: Event Recieved - UNKNOWN

[19:36:05] IM: Event Recieved - MouseMoved

[19:36:05] IM: Event Recieved - UNKNOWN

[19:36:05] IM: Event Recieved - UNKNOWN

[19:36:05] IM: Event Recieved - UNKNOWN

[19:36:05] IM: Event Recieved - UNKNOWN

[19:36:05] IM: Event Recieved - MouseMoved

[19:36:05] IM: Event Recieved - UNKNOWN

[19:36:05] IM: Event Recieved - MouseMoved

[19:36:05] IM: Event Recieved - UNKNOWN

[19:36:05] IM: Event Recieved - UNKNOWN

[19:36:05] IM: Event Recieved - UNKNOWN

[19:36:05] IM: Event Recieved - UNKNOWN

[19:36:05] IM: Event Recieved - UNKNOWN

[19:36:05] IM: Event Recieved - MouseMoved

[19:36:05] IM: Event Recieved - UNKNOWN

[19:36:05] IM: Event Recieved - UNKNOWN

[19:36:05] IM: Event Recieved - UNKNOWN

[19:36:05] IM: Event Recieved - UNKNOWN

[19:36:05] IM: Event Recieved - MouseMoved

[19:36:05] IM: Event Recieved - UNKNOWN

[19:36:05] IM: Event Recieved - UNKNOWN

[19:36:05] IM: Event Recieved - UNKNOWN

[19:36:05] IM: Event Recieved - UNKNOWN

[19:36:05] IM: Event Recieved - UNKNOWN

[19:36:05] IM: Event Recieved - MouseMoved

[19:36:05] IM: Event Recieved - UNKNOWN

[19:36:05] IM: Event Recieved - UNKNOWN

[19:36:05] IM: Event Recieved - UNKNOWN

[19:36:05] IM: Event Recieved - UNKNOWN

[19:36:05] IM: Event Recieved - UNKNOWN

[19:36:05] IM: Event Recieved - UNKNOWN

[19:36:05] IM: Event Recieved - MouseMoved

[19:36:05] IM: Event Recieved - UNKNOWN

[19:36:05] IM: Event Recieved - UNKNOWN

[19:36:05] IM: Event Recieved - UNKNOWN

[19:36:05] IM: Event Recieved - MouseMoved

[19:36:05] IM: Event Recieved - MouseMoved

[19:36:05] IM: Event Recieved - UNKNOWN

[19:36:05] IM: Event Recieved - MouseMoved

[19:36:05] IM: Event Recieved - UNKNOWN

[19:36:05] IM: Event Recieved - MouseMoved

[19:36:05] IM: Event Recieved - MouseButtonPressed

[19:36:05] IM: Event Recieved - MouseMoved

[19:36:05] IM: Event Recieved - MouseMoved

[19:36:06] IM: Event Recieved - UNKNOWN

[19:36:06] IM: Event Recieved - MouseMoved

[19:36:06] IM: Event Recieved - UNKNOWN

[19:36:06] IM: Event Recieved - MouseMoved

[19:36:06] IM: Event Recieved - MouseMoved

[19:36:06] IM: Event Recieved - MouseMoved

[19:36:06] IM: Event Recieved - MouseMoved

[19:36:06] IM: Event Recieved - MouseMoved

[19:36:06] IM: Event Recieved - MouseMoved

[19:36:06] IM: Event Recieved - KeyPressed

[19:36:06] IM: Event Recieved - UNKNOWN

[19:36:06] IM: Event Recieved - MouseMoved

[19:36:06] IM: Event Recieved - MouseMoved

[19:36:06] IM: Event Recieved - KeyReleased

[19:36:06] IM: Event Recieved - MouseMoved

[19:36:08] IM: Event Recieved - KeyPressed

[19:36:08] IM: Event Recieved - UNKNOWN

[19:36:08] IM: Event Recieved - KeyReleased

[19:36:09] IM: Event Recieved - KeyPressed

[19:36:09] IM: Event Recieved - UNKNOWN

[19:36:09] IM: Event Recieved - KeyReleased

[19:36:10] IM: Event Recieved - KeyPressed

[19:36:10] IM: Event Recieved - UNKNOWN

[19:36:10] IM: Event Recieved - KeyReleased

[19:36:11] IM: Event Recieved - KeyPressed

[19:36:11] IM: Event Recieved - UNKNOWN

[19:36:11] IM: Event Recieved - KeyReleased

[19:36:12] IM: Event Recieved - KeyPressed

[19:36:12] IM: Event Recieved - UNKNOWN

[19:36:12] IM: Event Recieved - KeyReleased

[19:36:15] IM: Event Recieved - KeyPressed

[19:36:15] IM: Event Recieved - UNKNOWN

[19:36:15] IM: Event Recieved - KeyReleased

[19:36:18] IM: Event Recieved - KeyPressed

[19:36:18] IM: Event Recieved - UNKNOWN

[19:36:18] IM: Event Recieved - KeyReleased

[19:36:20] IM: Event Recieved - KeyPressed

[19:36:20] IM: Event Recieved - UNKNOWN

[19:36:20] IM: Event Recieved - KeyReleased

[19:36:20] IM: Event Recieved - KeyPressed

[19:36:20] IM: Event Recieved - UNKNOWN

[19:36:21] IM: Event Recieved - KeyReleased

[19:36:22] IM: Event Recieved - KeyPressed

[19:36:22] IM: Event Recieved - UNKNOWN

[19:36:22] IM: Event Recieved - KeyReleased

[19:36:23] IM: Event Recieved - KeyPressed

[19:36:23] IM: Event Recieved - UNKNOWN

[19:36:23] IM: Event Recieved - KeyReleased

[19:36:25] IM: Event Recieved - KeyPressed

[19:36:25] IM: Event Recieved - UNKNOWN

[19:36:25] IM: Event Recieved - KeyReleased

[19:36:26] IM: Event Recieved - KeyPressed

[19:36:26] IM: Event Recieved - UNKNOWN

[19:36:26] IM: Event Recieved - KeyReleased

[19:36:27] IM: Event Recieved - KeyPressed

[19:36:27] IM: Event Recieved - UNKNOWN

[19:36:27] IM: Event Recieved - KeyReleased

[19:36:27] IM: Event Recieved - UNKNOWN

[19:36:27] IM: Event Recieved - MouseMoved

[19:36:27] IM: Event Recieved - UNKNOWN

[19:36:27] IM: Event Recieved - UNKNOWN

[19:36:27] IM: Event Recieved - UNKNOWN

[19:36:27] IM: Event Recieved - UNKNOWN

[19:36:27] IM: Event Recieved - UNKNOWN

[19:36:27] IM: Event Recieved - MouseMoved

[19:36:27] IM: Event Recieved - UNKNOWN

[19:36:27] IM: Event Recieved - UNKNOWN

[19:36:27] IM: Event Recieved - UNKNOWN

[19:36:27] IM: Event Recieved - UNKNOWN

[19:36:27] IM: Event Recieved - UNKNOWN

[19:36:27] IM: Event Recieved - MouseMoved

[19:36:27] IM: Event Recieved - UNKNOWN

[19:36:27] IM: Event Recieved - UNKNOWN

[19:36:27] IM: Event Recieved - UNKNOWN

[19:36:27] IM: Event Recieved - UNKNOWN

[19:36:27] IM: Event Recieved - MouseMoved

[19:36:27] IM: Event Recieved - UNKNOWN

[19:36:27] IM: Event Recieved - MouseMoved

[19:36:27] IM: Event Recieved - UNKNOWN

[19:36:27] IM: Event Recieved - UNKNOWN

[19:36:27] IM: Event Recieved - UNKNOWN

[19:36:27] IM: Event Recieved - UNKNOWN

[19:36:27] IM: Event Recieved - MouseMoved

[19:36:27] IM: Event Recieved - UNKNOWN

[19:36:27] IM: Event Recieved - UNKNOWN

[19:36:27] IM: Event Recieved - UNKNOWN

[19:36:27] IM: Event Recieved - UNKNOWN

[19:36:27] IM: Event Recieved - UNKNOWN

[19:36:27] IM: Event Recieved - MouseMoved

[19:36:28] IM: Event Recieved - UNKNOWN

[19:36:28] IM: Event Recieved - UNKNOWN

[19:36:28] IM: Event Recieved - UNKNOWN

[19:36:28] IM: Event Recieved - UNKNOWN

[19:36:28] IM: Event Recieved - UNKNOWN

[19:36:28] IM: Event Recieved - MouseMoved

[19:36:28] IM: Event Recieved - UNKNOWN

[19:36:28] IM: Event Recieved - UNKNOWN

[19:36:28] IM: Event Recieved - UNKNOWN

[19:36:28] IM: Event Recieved - UNKNOWN

[19:36:28] IM: Event Recieved - UNKNOWN

[19:36:28] IM: Event Recieved - UNKNOWN

[19:36:2