  BackgroundObject.cpp
C:\Users\Ben\Documents\WPI\Courses\IMGD\IMGD 3000\Projects\IMGD-3000-Project-3\game\BackgroundObject.cpp(32,36): warning C4244: '=': conversion from 'double' to 'float', possible loss of data
C:\Users\Ben\Documents\WPI\Courses\IMGD\IMGD 3000\Projects\IMGD-3000-Project-3\game\BackgroundObject.cpp(43,36): warning C4244: '=': conversion from 'double' to 'float', possible loss of data
C:\Users\Ben\Documents\WPI\Courses\IMGD\IMGD 3000\Projects\IMGD-3000-Project-3\game\BackgroundObject.cpp(53,16): warning C4244: 'argument': conversion from 'int' to 'float', possible loss of data
C:\Users\Ben\Documents\WPI\Courses\IMGD\IMGD 3000\Projects\IMGD-3000-Project-3\game\BackgroundObject.cpp(62,55): warning C4244: 'argument': conversion from 'double' to 'float', possible loss of data
  Crate.cpp
C:\Users\Ben\Documents\WPI\Courses\IMGD\IMGD 3000\Projects\IMGD-3000-Project-3\game\Crate.cpp(22,40): warning C4244: '=': conversion from 'int' to 'float', possible loss of data
C:\Users\Ben\Documents\WPI\Courses\IMGD\IMGD 3000\Projects\IMGD-3000-Project-3\game\Crate.cpp(25,31): warning C4244: '=': conversion from 'double' to 'float', possible loss of data
C:\Users\Ben\Documents\WPI\Courses\IMGD\IMGD 3000\Projects\IMGD-3000-Project-3\game\Crate.cpp(28,33): warning C4244: 'initializing': conversion from 'double' to 'float', possible loss of data
C:\Users\Ben\Documents\WPI\Courses\IMGD\IMGD 3000\Projects\IMGD-3000-Project-3\game\Crate.cpp(29,56): warning C4305: '=': truncation from 'double' to 'float'
C:\Users\Ben\Documents\WPI\Courses\IMGD\IMGD 3000\Projects\IMGD-3000-Project-3\game\Crate.cpp(30,57): warning C4244: '=': conversion from 'double' to 'float', possible loss of data
C:\Users\Ben\Documents\WPI\Courses\IMGD\IMGD 3000\Projects\IMGD-3000-Project-3\game\Crate.cpp(40,49): warning C4244: 'argument': conversion from 'int' to 'float', possible loss of data
C:\Users\Ben\Documents\WPI\Courses\IMGD\IMGD 3000\Projects\IMGD-3000-Project-3\game\Crate.cpp(39,48): warning C4244: 'argument': conversion from 'int' to 'float', possible loss of data
C:\Users\Ben\Documents\WPI\Courses\IMGD\IMGD 3000\Projects\IMGD-3000-Project-3\game\Crate.cpp(62,75): warning C4244: '=': conversion from 'double' to 'float', possible loss of data
C:\Users\Ben\Documents\WPI\Courses\IMGD\IMGD 3000\Projects\IMGD-3000-Project-3\game\Crate.cpp(64,28): warning C4244: '=': conversion from 'double' to 'float', possible loss of data
C:\Users\Ben\Documents\WPI\Courses\IMGD\IMGD 3000\Projects\IMGD-3000-Project-3\game\Crate.cpp(70,56): warning C4244: 'argument': conversion from 'int' to 'float', possible loss of data
C:\Users\Ben\Documents\WPI\Courses\IMGD\IMGD 3000\Projects\IMGD-3000-Project-3\game\Crate.cpp(74,44): warning C4244: '+=': conversion from 'double' to 'float', possible loss of data
C:\Users\Ben\Documents\WPI\Courses\IMGD\IMGD 3000\Projects\IMGD-3000-Project-3\game\Crate.cpp(81,56): warning C4244: 'argument': conversion from 'double' to 'float', possible loss of data
  GameController.cpp
C:\Users\Ben\Documents\WPI\Courses\IMGD\IMGD 3000\Projects\IMGD-3000-Project-3\game\GameController.cpp(44,42): warning C4244: '=': conversion from 'int' to 'float', possible loss of data
C:\Users\Ben\Documents\WPI\Courses\IMGD\IMGD 3000\Projects\IMGD-3000-Project-3\game\GameController.cpp(56,38): warning C4244: 'argument': conversion from 'int' to 'float', possible loss of data
C:\Users\Ben\Documents\WPI\Courses\IMGD\IMGD 3000\Projects\IMGD-3000-Project-3\game\GameController.cpp(135,39): warning C4244: '+=': conversion from 'double' to 'float', possible loss of data
C:\Users\Ben\Documents\WPI\Courses\IMGD\IMGD 3000\Projects\IMGD-3000-Project-3\game\GameController.cpp(146,39): warning C4244: '+=': conversion from 'double' to 'float', possible loss of data
  GameEnd.cpp
  GameStart.cpp
  HighestPoint.cpp
C:\Users\Ben\Documents\WPI\Courses\IMGD\IMGD 3000\Projects\IMGD-3000-Project-3\game\HighestPoint.cpp(19,40): warning C4244: 'argument': conversion from 'int' to 'float', possible loss of data
C:\Users\Ben\Documents\WPI\Courses\IMGD\IMGD 3000\Projects\IMGD-3000-Project-3\game\HighestPoint.cpp(18,39): warning C4244: 'argument': conversion from 'int' to 'float', possible loss of data
C:\Users\Ben\Documents\WPI\Courses\IMGD\IMGD 3000\Projects\IMGD-3000-Project-3\game\HighestPoint.cpp(42,53): warning C4244: 'argument': conversion from 'int' to 'float', possible loss of data
C:\Users\Ben\Documents\WPI\Courses\IMGD\IMGD 3000\Projects\IMGD-3000-Project-3\game\HighestPoint.cpp(41,52): warning C4244: 'argument': conversion from 'int' to 'float', possible loss of data
  Modifier.cpp
C:\Users\Ben\Documents\WPI\Courses\IMGD\IMGD 3000\Projects\IMGD-3000-Project-3\game\Modifier.cpp(35,47): warning C4244: 'argument': conversion from 'int' to 'float', possible loss of data
  PrizeScreen.cpp
  TowerBase.cpp
  Warning.cpp
C:\Users\Ben\Documents\WPI\Courses\IMGD\IMGD 3000\Projects\IMGD-3000-Project-3\game\Warning.cpp(23,66): warning C4244: 'argument': conversion from 'int' to 'float', possible loss of data
C:\Users\Ben\Documents\WPI\Courses\IMGD\IMGD 3000\Projects\IMGD-3000-Project-3\game\Warning.cpp(23,44): warning C4244: 'argument': conversion from 'int' to 'float', possible loss of data
  Window.cpp
C:\Users\Ben\Documents\WPI\Courses\IMGD\IMGD 3000\Projects\IMGD-3000-Project-3\game\Window.cpp(17,61): warning C4244: 'argument': conversion from 'int' to 'float', possible loss of data
C:\Users\Ben\Documents\WPI\Courses\IMGD\IMGD 3000\Projects\IMGD-3000-Project-3\game\Window.cpp(19,61): warning C4244: 'argument': conversion from 'int' to 'float', possible loss of data
C:\Users\Ben\Documents\WPI\Courses\IMGD\IMGD 3000\Projects\IMGD-3000-Project-3\game\Window.cpp(22,73): warning C4244: 'argument': conversion from 'int' to 'float', possible loss of data
C:\Users\Ben\Documents\WPI\Courses\IMGD\IMGD 3000\Projects\IMGD-3000-Project-3\game\Window.cpp(23,72): warning C4244: 'argument': conversion from 'int' to 'float', possible loss of data
  game.cpp
  Generating Code...
  Block Stack Kaizo.vcxproj -> C:\Users\Ben\Documents\WPI\Courses\IMGD\IMGD 3000\Projects\IMGD-3000-Project-3\game\vs-2022\x64\Debug\Block Stack Kaizo.exe
